[INFO  - 2016-09-14T16:49:23.363Z] GhostDriver - Main - running on port 40838
[INFO  - 2016-09-14T16:49:23.856Z] Session [30cb05b0-7a9b-11e6-bca0-a1c0534c1762] - page.settings - {"XSSAuditingEnabled":false,"javascriptCanCloseWindows":true,"javascriptCanOpenWindows":true,"javascriptEnabled":true,"loadImages":true,"localToRemoteUrlAccessEnabled":false,"userAgent":"Mozilla/5.0 (Windows NT 6.2; WOW64) AppleWebKit/538.1 (KHTML, like Gecko) PhantomJS/2.0.0 Safari/538.1","webSecurityEnabled":true}
[INFO  - 2016-09-14T16:49:23.857Z] Session [30cb05b0-7a9b-11e6-bca0-a1c0534c1762] - page.customHeaders:  - {}
[INFO  - 2016-09-14T16:49:23.857Z] Session [30cb05b0-7a9b-11e6-bca0-a1c0534c1762] - Session.negotiatedCapabilities - {"browserName":"phantomjs","version":"2.0.0","driverName":"ghostdriver","driverVersion":"1.2.0","platform":"windows-8-32bit","javascriptEnabled":true,"takesScreenshot":true,"handlesAlerts":false,"databaseEnabled":false,"locationContextEnabled":false,"applicationCacheEnabled":false,"browserConnectionEnabled":false,"cssSelectorsEnabled":true,"webStorageEnabled":false,"rotatable":false,"acceptSslCerts":false,"nativeEvents":true,"proxy":{"proxyType":"direct"}}
[INFO  - 2016-09-14T16:49:23.857Z] SessionManagerReqHand - _postNewSessionCommand - New Session Created: 30cb05b0-7a9b-11e6-bca0-a1c0534c1762
[INFO  - 2016-09-14T16:49:24.166Z] ShutdownReqHand - _handle - About to shutdown
[INFO  - 2016-09-14T16:55:01.383Z] GhostDriver - Main - running on port 38965
[INFO  - 2016-09-14T16:55:01.639Z] Session [fa20c530-7a9b-11e6-aff6-252a71be46d2] - page.settings - {"XSSAuditingEnabled":false,"javascriptCanCloseWindows":true,"javascriptCanOpenWindows":true,"javascriptEnabled":true,"loadImages":true,"localToRemoteUrlAccessEnabled":false,"userAgent":"Mozilla/5.0 (Windows NT 6.2; WOW64) AppleWebKit/538.1 (KHTML, like Gecko) PhantomJS/2.1.1 Safari/538.1","webSecurityEnabled":true}
[INFO  - 2016-09-14T16:55:01.639Z] Session [fa20c530-7a9b-11e6-aff6-252a71be46d2] - page.customHeaders:  - {}
[INFO  - 2016-09-14T16:55:01.639Z] Session [fa20c530-7a9b-11e6-aff6-252a71be46d2] - Session.negotiatedCapabilities - {"browserName":"phantomjs","version":"2.1.1","driverName":"ghostdriver","driverVersion":"1.2.0","platform":"windows-10-32bit","javascriptEnabled":true,"takesScreenshot":true,"handlesAlerts":false,"databaseEnabled":false,"locationContextEnabled":false,"applicationCacheEnabled":false,"browserConnectionEnabled":false,"cssSelectorsEnabled":true,"webStorageEnabled":false,"rotatable":false,"acceptSslCerts":false,"nativeEvents":true,"proxy":{"proxyType":"direct"}}
[INFO  - 2016-09-14T16:55:01.639Z] SessionManagerReqHand - _postNewSessionCommand - New Session Created: fa20c530-7a9b-11e6-aff6-252a71be46d2
[INFO  - 2016-09-14T16:55:02.152Z] ShutdownReqHand - _handle - About to shutdown
[INFO  - 2016-09-14T16:57:01.202Z] GhostDriver - Main - running on port 9595
[INFO  - 2016-09-14T16:57:01.459Z] Session [418bb2e0-7a9c-11e6-aebf-4308419740df] - page.settings - {"XSSAuditingEnabled":false,"javascriptCanCloseWindows":true,"javascriptCanOpenWindows":true,"javascriptEnabled":true,"loadImages":true,"localToRemoteUrlAccessEnabled":false,"userAgent":"Mozilla/5.0 (Windows NT 6.2; WOW64) AppleWebKit/538.1 (KHTML, like Gecko) PhantomJS/2.1.1 Safari/538.1","webSecurityEnabled":true}
[INFO  - 2016-09-14T16:57:01.459Z] Session [418bb2e0-7a9c-11e6-aebf-4308419740df] - page.customHeaders:  - {}
[INFO  - 2016-09-14T16:57:01.459Z] Session [418bb2e0-7a9c-11e6-aebf-4308419740df] - Session.negotiatedCapabilities - {"browserName":"phantomjs","version":"2.1.1","driverName":"ghostdriver","driverVersion":"1.2.0","platform":"windows-10-32bit","javascriptEnabled":true,"takesScreenshot":true,"handlesAlerts":false,"databaseEnabled":false,"locationContextEnabled":false,"applicationCacheEnabled":false,"browserConnectionEnabled":false,"cssSelectorsEnabled":true,"webStorageEnabled":false,"rotatable":false,"acceptSslCerts":false,"nativeEvents":true,"proxy":{"proxyType":"direct"}}
[INFO  - 2016-09-14T16:57:01.459Z] SessionManagerReqHand - _postNewSessionCommand - New Session Created: 418bb2e0-7a9c-11e6-aebf-4308419740df
[INFO  - 2016-09-14T16:57:01.946Z] ShutdownReqHand - _handle - About to shutdown
[INFO  - 2016-09-14T16:59:39.691Z] GhostDriver - Main - running on port 42385
[INFO  - 2016-09-14T16:59:39.920Z] Session [9fff14c0-7a9c-11e6-bf8c-51a537c6d3fb] - page.settings - {"XSSAuditingEnabled":false,"javascriptCanCloseWindows":true,"javascriptCanOpenWindows":true,"javascriptEnabled":true,"loadImages":true,"localToRemoteUrlAccessEnabled":false,"userAgent":"Mozilla/5.0 (Windows NT 6.2; WOW64) AppleWebKit/538.1 (KHTML, like Gecko) PhantomJS/2.1.1 Safari/538.1","webSecurityEnabled":true}
[INFO  - 2016-09-14T16:59:39.920Z] Session [9fff14c0-7a9c-11e6-bf8c-51a537c6d3fb] - page.customHeaders:  - {}
[INFO  - 2016-09-14T16:59:39.921Z] Session [9fff14c0-7a9c-11e6-bf8c-51a537c6d3fb] - Session.negotiatedCapabilities - {"browserName":"phantomjs","version":"2.1.1","driverName":"ghostdriver","driverVersion":"1.2.0","platform":"windows-10-32bit","javascriptEnabled":true,"takesScreenshot":true,"handlesAlerts":false,"databaseEnabled":false,"locationContextEnabled":false,"applicationCacheEnabled":false,"browserConnectionEnabled":false,"cssSelectorsEnabled":true,"webStorageEnabled":false,"rotatable":false,"acceptSslCerts":false,"nativeEvents":true,"proxy":{"proxyType":"direct"}}
[INFO  - 2016-09-14T16:59:39.921Z] SessionManagerReqHand - _postNewSessionCommand - New Session Created: 9fff14c0-7a9c-11e6-bf8c-51a537c6d3fb
[INFO  - 2016-09-14T16:59:40.417Z] ShutdownReqHand - _handle - About to shutdown
[INFO  - 2016-09-14T17:02:05.087Z] GhostDriver - Main - running on port 7114
[INFO  - 2016-09-14T17:02:05.329Z] Session [f6aabbd0-7a9c-11e6-8726-85d7d2df1d24] - page.settings - {"XSSAuditingEnabled":false,"javascriptCanCloseWindows":true,"javascriptCanOpenWindows":true,"javascriptEnabled":true,"loadImages":true,"localToRemoteUrlAccessEnabled":false,"userAgent":"Mozilla/5.0 (Windows NT 6.2; WOW64) AppleWebKit/538.1 (KHTML, like Gecko) PhantomJS/2.1.1 Safari/538.1","webSecurityEnabled":true}
[INFO  - 2016-09-14T17:02:05.329Z] Session [f6aabbd0-7a9c-11e6-8726-85d7d2df1d24] - page.customHeaders:  - {}
[INFO  - 2016-09-14T17:02:05.329Z] Session [f6aabbd0-7a9c-11e6-8726-85d7d2df1d24] - Session.negotiatedCapabilities - {"browserName":"phantomjs","version":"2.1.1","driverName":"ghostdriver","driverVersion":"1.2.0","platform":"windows-10-32bit","javascriptEnabled":true,"takesScreenshot":true,"handlesAlerts":false,"databaseEnabled":false,"locationContextEnabled":false,"applicationCacheEnabled":false,"browserConnectionEnabled":false,"cssSelectorsEnabled":true,"webStorageEnabled":false,"rotatable":false,"acceptSslCerts":false,"nativeEvents":true,"proxy":{"proxyType":"direct"}}
[INFO  - 2016-09-14T17:02:05.329Z] SessionManagerReqHand - _postNewSessionCommand - New Session Created: f6aabbd0-7a9c-11e6-8726-85d7d2df1d24
[INFO  - 2016-09-14T17:02:05.845Z] ShutdownReqHand - _handle - About to shutdown
[INFO  - 2016-09-14T17:05:43.286Z] GhostDriver - Main - running on port 11710
[INFO  - 2016-09-14T17:05:43.542Z] Session [78bb6520-7a9d-11e6-a824-5fb0bf662022] - page.settings - {"XSSAuditingEnabled":false,"javascriptCanCloseWindows":true,"javascriptCanOpenWindows":true,"javascriptEnabled":true,"loadImages":true,"localToRemoteUrlAccessEnabled":false,"userAgent":"Mozilla/5.0 (Windows NT 6.2; WOW64) AppleWebKit/538.1 (KHTML, like Gecko) PhantomJS/2.1.1 Safari/538.1","webSecurityEnabled":true}
[INFO  - 2016-09-14T17:05:43.542Z] Session [78bb6520-7a9d-11e6-a824-5fb0bf662022] - page.customHeaders:  - {}
[INFO  - 2016-09-14T17:05:43.542Z] Session [78bb6520-7a9d-11e6-a824-5fb0bf662022] - Session.negotiatedCapabilities - {"browserName":"phantomjs","version":"2.1.1","driverName":"ghostdriver","driverVersion":"1.2.0","platform":"windows-10-32bit","javascriptEnabled":true,"takesScreenshot":true,"handlesAlerts":false,"databaseEnabled":false,"locationContextEnabled":false,"applicationCacheEnabled":false,"browserConnectionEnabled":false,"cssSelectorsEnabled":true,"webStorageEnabled":false,"rotatable":false,"acceptSslCerts":false,"nativeEvents":true,"proxy":{"proxyType":"direct"}}
[INFO  - 2016-09-14T17:05:43.542Z] SessionManagerReqHand - _postNewSessionCommand - New Session Created: 78bb6520-7a9d-11e6-a824-5fb0bf662022
[INFO  - 2016-09-14T17:05:44.038Z] ShutdownReqHand - _handle - About to shutdown
[INFO  - 2016-09-14T17:07:28.453Z] GhostDriver - Main - running on port 45731
[INFO  - 2016-09-14T17:07:28.701Z] Session [b7696290-7a9d-11e6-b18a-65c95b17188f] - page.settings - {"XSSAuditingEnabled":false,"javascriptCanCloseWindows":true,"javascriptCanOpenWindows":true,"javascriptEnabled":true,"loadImages":true,"localToRemoteUrlAccessEnabled":false,"userAgent":"Mozilla/5.0 (Windows NT 6.2; WOW64) AppleWebKit/538.1 (KHTML, like Gecko) PhantomJS/2.1.1 Safari/538.1","webSecurityEnabled":true}
[INFO  - 2016-09-14T17:07:28.701Z] Session [b7696290-7a9d-11e6-b18a-65c95b17188f] - page.customHeaders:  - {}
[INFO  - 2016-09-14T17:07:28.701Z] Session [b7696290-7a9d-11e6-b18a-65c95b17188f] - Session.negotiatedCapabilities - {"browserName":"phantomjs","version":"2.1.1","driverName":"ghostdriver","driverVersion":"1.2.0","platform":"windows-10-32bit","javascriptEnabled":true,"takesScreenshot":true,"handlesAlerts":false,"databaseEnabled":false,"locationContextEnabled":false,"applicationCacheEnabled":false,"browserConnectionEnabled":false,"cssSelectorsEnabled":true,"webStorageEnabled":false,"rotatable":false,"acceptSslCerts":false,"nativeEvents":true,"proxy":{"proxyType":"direct"}}
[INFO  - 2016-09-14T17:07:28.702Z] SessionManagerReqHand - _postNewSessionCommand - New Session Created: b7696290-7a9d-11e6-b18a-65c95b17188f
[INFO  - 2016-09-14T17:07:29.204Z] ShutdownReqHand - _handle - About to shutdown
[INFO  - 2016-09-14T17:13:15.624Z] GhostDriver - Main - running on port 23320
[INFO  - 2016-09-14T17:13:15.886Z] Session [86599ca0-7a9e-11e6-a7ab-e772a8b779a1] - page.settings - {"XSSAuditingEnabled":false,"javascriptCanCloseWindows":true,"javascriptCanOpenWindows":true,"javascriptEnabled":true,"loadImages":true,"localToRemoteUrlAccessEnabled":false,"userAgent":"Mozilla/5.0 (Windows NT 6.2; WOW64) AppleWebKit/538.1 (KHTML, like Gecko) PhantomJS/2.1.1 Safari/538.1","webSecurityEnabled":true}
[INFO  - 2016-09-14T17:13:15.886Z] Session [86599ca0-7a9e-11e6-a7ab-e772a8b779a1] - page.customHeaders:  - {}
[INFO  - 2016-09-14T17:13:15.886Z] Session [86599ca0-7a9e-11e6-a7ab-e772a8b779a1] - Session.negotiatedCapabilities - {"browserName":"phantomjs","version":"2.1.1","driverName":"ghostdriver","driverVersion":"1.2.0","platform":"windows-10-32bit","javascriptEnabled":true,"takesScreenshot":true,"handlesAlerts":false,"databaseEnabled":false,"locationContextEnabled":false,"applicationCacheEnabled":false,"browserConnectionEnabled":false,"cssSelectorsEnabled":true,"webStorageEnabled":false,"rotatable":false,"acceptSslCerts":false,"nativeEvents":true,"proxy":{"proxyType":"direct"}}
[INFO  - 2016-09-14T17:13:15.886Z] SessionManagerReqHand - _postNewSessionCommand - New Session Created: 86599ca0-7a9e-11e6-a7ab-e772a8b779a1
[INFO  - 2016-09-14T17:13:16.546Z] ShutdownReqHand - _handle - About to shutdown
[INFO  - 2016-09-14T17:14:57.612Z] GhostDriver - Main - running on port 45130
[INFO  - 2016-09-14T17:14:57.858Z] Session [c32126d0-7a9e-11e6-8343-bb00a8d2cace] - page.settings - {"XSSAuditingEnabled":false,"javascriptCanCloseWindows":true,"javascriptCanOpenWindows":true,"javascriptEnabled":true,"loadImages":true,"localToRemoteUrlAccessEnabled":false,"userAgent":"Mozilla/5.0 (Windows NT 6.2; WOW64) AppleWebKit/538.1 (KHTML, like Gecko) PhantomJS/2.1.1 Safari/538.1","webSecurityEnabled":true}
[INFO  - 2016-09-14T17:14:57.858Z] Session [c32126d0-7a9e-11e6-8343-bb00a8d2cace] - page.customHeaders:  - {}
[INFO  - 2016-09-14T17:14:57.858Z] Session [c32126d0-7a9e-11e6-8343-bb00a8d2cace] - Session.negotiatedCapabilities - {"browserName":"phantomjs","version":"2.1.1","driverName":"ghostdriver","driverVersion":"1.2.0","platform":"windows-10-32bit","javascriptEnabled":true,"takesScreenshot":true,"handlesAlerts":false,"databaseEnabled":false,"locationContextEnabled":false,"applicationCacheEnabled":false,"browserConnectionEnabled":false,"cssSelectorsEnabled":true,"webStorageEnabled":false,"rotatable":false,"acceptSslCerts":false,"nativeEvents":true,"proxy":{"proxyType":"direct"}}
[INFO  - 2016-09-14T17:14:57.858Z] SessionManagerReqHand - _postNewSessionCommand - New Session Created: c32126d0-7a9e-11e6-8343-bb00a8d2cace
[INFO  - 2016-09-14T17:14:58.508Z] ShutdownReqHand - _handle - About to shutdown
[INFO  - 2016-09-14T17:15:57.068Z] GhostDriver - Main - running on port 22138
[INFO  - 2016-09-14T17:15:57.313Z] Session [e6916ad0-7a9e-11e6-b176-e160ac306934] - page.settings - {"XSSAuditingEnabled":false,"javascriptCanCloseWindows":true,"javascriptCanOpenWindows":true,"javascriptEnabled":true,"loadImages":true,"localToRemoteUrlAccessEnabled":false,"userAgent":"Mozilla/5.0 (Windows NT 6.2; WOW64) AppleWebKit/538.1 (KHTML, like Gecko) PhantomJS/2.1.1 Safari/538.1","webSecurityEnabled":true}
[INFO  - 2016-09-14T17:15:57.313Z] Session [e6916ad0-7a9e-11e6-b176-e160ac306934] - page.customHeaders:  - {}
[INFO  - 2016-09-14T17:15:57.313Z] Session [e6916ad0-7a9e-11e6-b176-e160ac306934] - Session.negotiatedCapabilities - {"browserName":"phantomjs","version":"2.1.1","driverName":"ghostdriver","driverVersion":"1.2.0","platform":"windows-10-32bit","javascriptEnabled":true,"takesScreenshot":true,"handlesAlerts":false,"databaseEnabled":false,"locationContextEnabled":false,"applicationCacheEnabled":false,"browserConnectionEnabled":false,"cssSelectorsEnabled":true,"webStorageEnabled":false,"rotatable":false,"acceptSslCerts":false,"nativeEvents":true,"proxy":{"proxyType":"direct"}}
[INFO  - 2016-09-14T17:15:57.314Z] SessionManagerReqHand - _postNewSessionCommand - New Session Created: e6916ad0-7a9e-11e6-b176-e160ac306934
[INFO  - 2016-09-14T17:15:57.982Z] ShutdownReqHand - _handle - About to shutdown
[INFO  - 2016-09-14T17:20:01.548Z] GhostDriver - Main - running on port 48930
[INFO  - 2016-09-14T17:20:01.794Z] Session [784a41e0-7a9f-11e6-8f19-5938b5d3620d] - page.settings - {"XSSAuditingEnabled":false,"javascriptCanCloseWindows":true,"javascriptCanOpenWindows":true,"javascriptEnabled":true,"loadImages":true,"localToRemoteUrlAccessEnabled":false,"userAgent":"Mozilla/5.0 (Windows NT 6.2; WOW64) AppleWebKit/538.1 (KHTML, like Gecko) PhantomJS/2.1.1 Safari/538.1","webSecurityEnabled":true}
[INFO  - 2016-09-14T17:20:01.794Z] Session [784a41e0-7a9f-11e6-8f19-5938b5d3620d] - page.customHeaders:  - {}
[INFO  - 2016-09-14T17:20:01.795Z] Session [784a41e0-7a9f-11e6-8f19-5938b5d3620d] - Session.negotiatedCapabilities - {"browserName":"phantomjs","version":"2.1.1","driverName":"ghostdriver","driverVersion":"1.2.0","platform":"windows-10-32bit","javascriptEnabled":true,"takesScreenshot":true,"handlesAlerts":false,"databaseEnabled":false,"locationContextEnabled":false,"applicationCacheEnabled":false,"browserConnectionEnabled":false,"cssSelectorsEnabled":true,"webStorageEnabled":false,"rotatable":false,"acceptSslCerts":false,"nativeEvents":true,"proxy":{"proxyType":"direct"}}
[INFO  - 2016-09-14T17:20:01.795Z] SessionManagerReqHand - _postNewSessionCommand - New Session Created: 784a41e0-7a9f-11e6-8f19-5938b5d3620d
[INFO  - 2016-09-14T17:20:02.403Z] ShutdownReqHand - _handle - About to shutdown
[INFO  - 2016-09-14T17:22:33.000Z] GhostDriver - Main - running on port 25729
[INFO  - 2016-09-14T17:22:33.242Z] Session [d28f6360-7a9f-11e6-a60e-f1a9503a3cd2] - page.settings - {"XSSAuditingEnabled":false,"javascriptCanCloseWindows":true,"javascriptCanOpenWindows":true,"javascriptEnabled":true,"loadImages":true,"localToRemoteUrlAccessEnabled":false,"userAgent":"Mozilla/5.0 (Windows NT 6.2; WOW64) AppleWebKit/538.1 (KHTML, like Gecko) PhantomJS/2.1.1 Safari/538.1","webSecurityEnabled":true}
[INFO  - 2016-09-14T17:22:33.243Z] Session [d28f6360-7a9f-11e6-a60e-f1a9503a3cd2] - page.customHeaders:  - {}
[INFO  - 2016-09-14T17:22:33.243Z] Session [d28f6360-7a9f-11e6-a60e-f1a9503a3cd2] - Session.negotiatedCapabilities - {"browserName":"phantomjs","version":"2.1.1","driverName":"ghostdriver","driverVersion":"1.2.0","platform":"windows-10-32bit","javascriptEnabled":true,"takesScreenshot":true,"handlesAlerts":false,"databaseEnabled":false,"locationContextEnabled":false,"applicationCacheEnabled":false,"browserConnectionEnabled":false,"cssSelectorsEnabled":true,"webStorageEnabled":false,"rotatable":false,"acceptSslCerts":false,"nativeEvents":true,"proxy":{"proxyType":"direct"}}
[INFO  - 2016-09-14T17:22:33.243Z] SessionManagerReqHand - _postNewSessionCommand - New Session Created: d28f6360-7a9f-11e6-a60e-f1a9503a3cd2
[INFO  - 2016-09-14T17:22:33.714Z] ShutdownReqHand - _handle - About to shutdown
[INFO  - 2016-09-14T17:23:02.861Z] GhostDriver - Main - running on port 5525
[INFO  - 2016-09-14T17:23:03.115Z] Session [e45d7e60-7a9f-11e6-a000-d5089c27f811] - page.settings - {"XSSAuditingEnabled":false,"javascriptCanCloseWindows":true,"javascriptCanOpenWindows":true,"javascriptEnabled":true,"loadImages":true,"localToRemoteUrlAccessEnabled":false,"userAgent":"Mozilla/5.0 (Windows NT 6.2; WOW64) AppleWebKit/538.1 (KHTML, like Gecko) PhantomJS/2.1.1 Safari/538.1","webSecurityEnabled":true}
[INFO  - 2016-09-14T17:23:03.115Z] Session [e45d7e60-7a9f-11e6-a000-d5089c27f811] - page.customHeaders:  - {}
[INFO  - 2016-09-14T17:23:03.115Z] Session [e45d7e60-7a9f-11e6-a000-d5089c27f811] - Session.negotiatedCapabilities - {"browserName":"phantomjs","version":"2.1.1","driverName":"ghostdriver","driverVersion":"1.2.0","platform":"windows-10-32bit","javascriptEnabled":true,"takesScreenshot":true,"handlesAlerts":false,"databaseEnabled":false,"locationContextEnabled":false,"applicationCacheEnabled":false,"browserConnectionEnabled":false,"cssSelectorsEnabled":true,"webStorageEnabled":false,"rotatable":false,"acceptSslCerts":false,"nativeEvents":true,"proxy":{"proxyType":"direct"}}
[INFO  - 2016-09-14T17:23:03.115Z] SessionManagerReqHand - _postNewSessionCommand - New Session Created: e45d7e60-7a9f-11e6-a000-d5089c27f811
[INFO  - 2016-09-14T17:23:03.615Z] ShutdownReqHand - _handle - About to shutdown
[INFO  - 2016-09-14T17:23:23.490Z] GhostDriver - Main - running on port 28545
[INFO  - 2016-09-14T17:23:23.743Z] Session [f0a93ab0-7a9f-11e6-9bd9-45f343d8ab40] - page.settings - {"XSSAuditingEnabled":false,"javascriptCanCloseWindows":true,"javascriptCanOpenWindows":true,"javascriptEnabled":true,"loadImages":true,"localToRemoteUrlAccessEnabled":false,"userAgent":"Mozilla/5.0 (Windows NT 6.2; WOW64) AppleWebKit/538.1 (KHTML, like Gecko) PhantomJS/2.1.1 Safari/538.1","webSecurityEnabled":true}
[INFO  - 2016-09-14T17:23:23.743Z] Session [f0a93ab0-7a9f-11e6-9bd9-45f343d8ab40] - page.customHeaders:  - {}
[INFO  - 2016-09-14T17:23:23.743Z] Session [f0a93ab0-7a9f-11e6-9bd9-45f343d8ab40] - Session.negotiatedCapabilities - {"browserName":"phantomjs","version":"2.1.1","driverName":"ghostdriver","driverVersion":"1.2.0","platform":"windows-10-32bit","javascriptEnabled":true,"takesScreenshot":true,"handlesAlerts":false,"databaseEnabled":false,"locationContextEnabled":false,"applicationCacheEnabled":false,"browserConnectionEnabled":false,"cssSelectorsEnabled":true,"webStorageEnabled":false,"rotatable":false,"acceptSslCerts":false,"nativeEvents":true,"proxy":{"proxyType":"direct"}}
[INFO  - 2016-09-14T17:23:23.743Z] SessionManagerReqHand - _postNewSessionCommand - New Session Created: f0a93ab0-7a9f-11e6-9bd9-45f343d8ab40
[INFO  - 2016-09-14T17:23:24.308Z] ShutdownReqHand - _handle - About to shutdown
